<?xml version="1.0" encoding="UTF-8"?>
<testsuite xmlns:xsi="http://www.w3.org/2001/XMLSchema-instance" xsi:noNamespaceSchemaLocation="https://maven.apache.org/surefire/maven-surefire-plugin/xsd/surefire-test-report.xsd" name="musichub.business.PathValidationTest" time="0.014" tests="2" errors="0" skipped="0" failures="0">
  <properties>
[...]
</properties>
  <testcase name="testPathValidationClass" classname="musichub.business.PathValidationTest" time="0.007"/>
  <testcase name="testIsPathValid" classname="musichub.business.PathValidationTest" time="0.002"/>
</testsuite>